Arguments: 
  C:\Program Files\nodejs\node.exe C:\Program Files (x86)\Yarn\bin\yarn.js init

PATH: 
  C:\Users\Juan\bin;C:\Program Files\Git\mingw64\bin;C:\Program Files\Git\usr\local\bin;C:\Program Files\Git\usr\bin;C:\Program Files\Git\usr\bin;C:\Program Files\Git\mingw64\bin;C:\Program Files\Git\usr\bin;C:\Users\Juan\bin;C:\ProgramData\Oracle\Java\javapath;C:\WINDOWS\system32;C:\WINDOWS;C:\WINDOWS\System32\Wbem;C:\Program Files\MongoDB\Server\3.4\bin;C:\Program Files (x86)\Heroku\bin;C:\Program Files (x86)\git\cmd;C:\Program Files (x86)\Brackets\command;C:\Users\Juan\AppData\Local\Android\sdk\platform-tools;C:\Program Files\Android\Android Studio\gradle\gradle-3.2\bin;C:\Program Files\Java\jdk1.8.0_131\bin;C:\Program Files\Git\cmd;C:\WINDOWS\System32\WindowsPowerShell\v1.0;C:\Program Files (x86)\Yarn\bin;C:\Program Files\nodejs;C:\Users\Juan\AppData\Local\Programs\Python\Python36-32\Scripts;C:\Users\Juan\AppData\Local\Programs\Python\Python36-32;C:\Ruby24-x64\bin;C:\Ruby23\bin;C:\Users\Juan\AppData\Local\Microsoft\WindowsApps;C:\Program Files\Java\jdk1.8.0_131\bin;C:\Users\Juan\AppData\Local\Android\sdk\tools;C:\Users\Juan\AppData\Local\Android\sdk\platform-tools;C:\Program Files\Android\Android Studio\gradle\gradle-3.2\bin;C:\Program Files\Microsoft VS Code\bin;C:\Users\Juan\AppData\Local\Yarn\bin;C:\Users\Juan\AppData\Roaming\npm;C:\Program Files\Git\usr\bin\vendor_perl;C:\Program Files\Git\usr\bin\core_perl

Yarn version: 
  1.2.1

Node version: 
  8.9.0

Platform: 
  win32 x64

npm manifest: 
  No manifest

yarn manifest: 
  No manifest

Lockfile: 
  No lockfile

Trace: 
  Error: canceled
      at Interface.<anonymous> (C:\Program Files (x86)\Yarn\lib\cli.js:120971:13)
      at emitNone (events.js:106:13)
      at Interface.emit (events.js:208:7)
      at Interface._ttyWrite (readline.js:775:16)
      at ReadStream.onkeypress (readline.js:160:10)
      at emitTwo (events.js:126:13)
      at ReadStream.emit (events.js:214:7)
      at emitKeys (internal/readline.js:420:14)
      at emitKeys.next (<anonymous>)
      at ReadStream.onData (readline.js:1011:36)
